# Generated by Apache Directory Studio on April 3, 2014 5:04:46 PM

# SCHEMA "HC"
#!RESULT OK
#!CONNECTION ldap://localhost:10389
#!DATE 2014-04-03T17:25:55.572
dn: cn=hc, ou=schema
objectclass: metaSchema
objectclass: top
cn: hc
m-dependencies: system
m-dependencies: inetorgperson
m-dependencies: core

#!RESULT OK
#!CONNECTION ldap://localhost:10389
#!DATE 2014-04-03T17:25:55.577
dn: ou=attributetypes, cn=hc, ou=schema
objectclass: organizationalUnit
objectclass: top
ou: attributetypes

#!RESULT OK
#!CONNECTION ldap://localhost:10389
#!DATE 2014-04-03T17:25:55.615
dn: m-oid=1.0.21091.2.1.1, ou=attributetypes, cn=hc, ou=schema
objectclass: metaAttributeType
objectclass: metaTop
objectclass: top
m-oid: 1.0.21091.2.1.1
m-name: HcConsumerID
m-description: This may be an identifiable, anonymous, or pseudonymous ident
 ifier. (Issuing authority:Type: ID)
m-equality: caseIgnoreMatch
m-substr: caseIgnoreSubstringsMatch
m-syntax: 1.3.6.1.4.1.1466.115.121.1.15

#!RESULT OK
#!CONNECTION ldap://localhost:10389
#!DATE 2014-04-03T17:25:55.645
dn: m-oid=1.0.21091.2.4.2, ou=attributetypes, cn=hc, ou=schema
objectclass: metaAttributeType
objectclass: metaTop
objectclass: top
m-oid: 1.0.21091.2.4.2
m-name: HcRegisteredAddr
m-description: The address as registered with the regulatory authority. This
  shall be structured the same as PostalAddress
m-equality: caseIgnoreMatch
m-substr: caseIgnoreSubstringsMatch
m-syntax: 1.3.6.1.4.1.1466.115.121.1.15

#!RESULT OK
#!CONNECTION ldap://localhost:10389
#!DATE 2014-04-03T17:25:55.667
dn: m-oid=1.0.21091.2.0.9, ou=attributetypes, cn=hc, ou=schema
objectclass: metaAttributeType
objectclass: metaTop
objectclass: top
m-oid: 1.0.21091.2.0.9
m-name: HcOrganizationCertificates
m-description: Used for storing health care organization certificates
m-syntax: 1.3.6.1.4.1.1466.115.121.1.5

#!RESULT OK
#!CONNECTION ldap://localhost:10389
#!DATE 2014-04-03T17:25:55.690
dn: m-oid=1.0.21091.2.11.1, ou=attributetypes, cn=hc, ou=schema
objectclass: metaAttributeType
objectclass: metaTop
objectclass: top
m-oid: 1.0.21091.2.11.1
m-name: HcDeviceIssuedTo
m-description: DN of the individual to whom the device has been issued
m-equality: distinguishedNameMatch
m-syntax: 1.3.6.1.4.1.1466.115.121.1.12
m-singleValue: TRUE

#!RESULT OK
#!CONNECTION ldap://localhost:10389
#!DATE 2014-04-03T17:25:55.716
dn: m-oid=1.0.21091.2.1.6, ou=attributetypes, cn=hc, ou=schema
objectclass: metaAttributeType
objectclass: metaTop
objectclass: top
m-oid: 1.0.21091.2.1.6
m-name: HL7DateTimeofBirth
m-description: The hl-7 defined date and time of birth
m-equality: generalizedTimeMatch
m-ordering: generalizedTimeOrderingMatch
m-syntax: 1.3.6.1.4.1.1466.115.121.1.24

#!RESULT OK
#!CONNECTION ldap://localhost:10389
#!DATE 2014-04-03T17:25:55.742
dn: m-oid=1.0.21091.2.7.1, ou=attributetypes, cn=hc, ou=schema
objectclass: metaAttributeType
objectclass: metaTop
objectclass: top
m-oid: 1.0.21091.2.7.1
m-name: HcResponsibleParty
m-description: DN of person or HCOrganizationalRole responsible for this ent
 ry (medical staffing, legal review, contract staff, employee)
m-equality: distinguishedNameMatch
m-syntax: 1.3.6.1.4.1.1466.115.121.1.12

#!RESULT OK
#!CONNECTION ldap://localhost:10389
#!DATE 2014-04-03T17:25:55.772
dn: m-oid=1.0.21091.2.10.5, ou=attributetypes, cn=hc, ou=schema
objectclass: metaAttributeType
objectclass: metaTop
objectclass: top
m-oid: 1.0.21091.2.10.5
m-name: HcReferenceDateOfIssue
m-description: Date on which the reference vocabulary was issued
m-equality: generalizedTimeMatch
m-ordering: generalizedTimeOrderingMatch
m-syntax: 1.3.6.1.4.1.1466.115.121.1.24
m-singleValue: TRUE

#!RESULT OK
#!CONNECTION ldap://localhost:10389
#!DATE 2014-04-03T17:25:55.799
dn: m-oid=1.0.21091.2.0.1, ou=attributetypes, cn=hc, ou=schema
objectclass: metaAttributeType
objectclass: metaTop
objectclass: top
m-oid: 1.0.21091.2.0.1
m-name: HcIdentifier
m-description: The health care identifier. Where this is a regulated health 
 care professional, this must minimally contain an entry indicating the iden
 tifier assigned by the regulating authority (issuing authority:Type:ID:- st
 atus)
m-equality: caseIgnoreMatch
m-substr: caseIgnoreSubstringsMatch
m-syntax: 1.3.6.1.4.1.1466.115.121.1.15

#!RESULT OK
#!CONNECTION ldap://localhost:10389
#!DATE 2014-04-03T17:25:55.822
dn: m-oid=1.0.21091.2.1.3, ou=attributetypes, cn=hc, ou=schema
objectclass: metaAttributeType
objectclass: metaTop
objectclass: top
m-oid: 1.0.21091.2.1.3
m-name: HcSubstituteDecisionMaker
m-description: Record entry of person(s) able to sign/act on behalf of the s
 ubject
m-equality: distinguishedNameMatch
m-syntax: 1.3.6.1.4.1.1466.115.121.1.12

#!RESULT OK
#!CONNECTION ldap://localhost:10389
#!DATE 2014-04-03T17:25:55.842
dn: m-oid=1.0.21091.2.0.3, ou=attributetypes, cn=hc, ou=schema
objectclass: metaAttributeType
objectclass: metaTop
objectclass: top
m-oid: 1.0.21091.2.0.3
m-name: HcSigningCertificate
m-description: Public key and certificate for the users non- repudiation sig
 ning certificate used for health transactions
m-syntax: 1.3.6.1.4.1.1466.115.121.1.5

#!RESULT OK
#!CONNECTION ldap://localhost:10389
#!DATE 2014-04-03T17:25:55.861
dn: m-oid=1.0.21091.2.10.6, ou=attributetypes, cn=hc, ou=schema
objectclass: metaAttributeType
objectclass: metaTop
objectclass: top
m-oid: 1.0.21091.2.10.6
m-name: HcReferenceInvalidDate
m-description: Date on which the reference vocabulary is/was invalid
m-equality: generalizedTimeMatch
m-ordering: generalizedTimeOrderingMatch
m-syntax: 1.3.6.1.4.1.1466.115.121.1.24
m-singleValue: TRUE

#!RESULT OK
#!CONNECTION ldap://localhost:10389
#!DATE 2014-04-03T17:25:55.898
dn: m-oid=1.0.21091.2.1.16, ou=attributetypes, cn=hc, ou=schema
objectclass: metaAttributeType
objectclass: metaTop
objectclass: top
m-oid: 1.0.21091.2.1.16
m-name: HL7Religion
m-description: The HL-7 defined religion. While this attribute is important 
 for spiritual aspects of patient care, it must be managed with the utmost p
 rotection as this can be sensitive private information
m-equality: caseIgnoreMatch
m-substr: caseIgnoreSubstringsMatch
m-syntax: 1.3.6.1.4.1.1466.115.121.1.15

#!RESULT OK
#!CONNECTION ldap://localhost:10389
#!DATE 2014-04-03T17:25:55.916
dn: m-oid=1.0.21091.2.0.13, ou=attributetypes, cn=hc, ou=schema
objectclass: metaAttributeType
objectclass: metaTop
objectclass: top
m-oid: 1.0.21091.2.0.13
m-name: HcRoleLocationRestriction
m-description: Location restrictions from where the role is valid (i.e. from
  the emergency department only, from IP address, etc.)
m-equality: caseIgnoreMatch
m-substr: caseIgnoreSubstringsMatch
m-syntax: 1.3.6.1.4.1.1466.115.121.1.15

#!RESULT OK
#!CONNECTION ldap://localhost:10389
#!DATE 2014-04-03T17:25:55.936
dn: m-oid=1.0.21091.2.11.4, ou=attributetypes, cn=hc, ou=schema
objectclass: metaAttributeType
objectclass: metaTop
objectclass: top
m-oid: 1.0.21091.2.11.4
m-name: HcDeviceDateRetrieved
m-description: Date on which the device was retrieved
m-equality: generalizedTimeMatch
m-ordering: generalizedTimeOrderingMatch
m-syntax: 1.3.6.1.4.1.1466.115.121.1.24
m-singleValue: TRUE

#!RESULT OK
#!CONNECTION ldap://localhost:10389
#!DATE 2014-04-03T17:25:55.954
dn: m-oid=1.0.21091.2.1.8, ou=attributetypes, cn=hc, ou=schema
objectclass: metaAttributeType
objectclass: metaTop
objectclass: top
m-oid: 1.0.21091.2.1.8
m-name: HL7PatientAlias
m-description: The HL-7 defined patient alias
m-equality: caseIgnoreMatch
m-substr: caseIgnoreSubstringsMatch
m-syntax: 1.3.6.1.4.1.1466.115.121.1.15

#!RESULT OK
#!CONNECTION ldap://localhost:10389
#!DATE 2014-04-03T17:25:55.978
dn: m-oid=1.0.21091.2.10.1, ou=attributetypes, cn=hc, ou=schema
objectclass: metaAttributeType
objectclass: metaTop
objectclass: top
m-oid: 1.0.21091.2.10.1
m-name: HcIssuingAuthority
m-description: Authority responsible for coding scheme
m-equality: caseIgnoreMatch
m-substr: caseIgnoreSubstringsMatch
m-syntax: 1.3.6.1.4.1.1466.115.121.1.15

#!RESULT OK
#!CONNECTION ldap://localhost:10389
#!DATE 2014-04-03T17:25:55.996
dn: m-oid=1.0.21091.2.0.5, ou=attributetypes, cn=hc, ou=schema
objectclass: metaAttributeType
objectclass: metaTop
objectclass: top
m-oid: 1.0.21091.2.0.5
m-name: HcRole
m-description: (Issuing authority: Code system: Code) Populate with HL-7 cod
 ing for roles
m-equality: caseIgnoreMatch
m-substr: caseIgnoreSubstringsMatch
m-syntax: 1.3.6.1.4.1.1466.115.121.1.15

#!RESULT OK
#!CONNECTION ldap://localhost:10389
#!DATE 2014-04-03T17:25:56.014
dn: m-oid=1.0.21091.2.0.8, ou=attributetypes, cn=hc, ou=schema
objectclass: metaAttributeType
objectclass: metaTop
objectclass: top
m-oid: 1.0.21091.2.0.8
m-name: ClinicalInformationContact
m-description: The entry for the individual to contact with clinical issues
m-equality: distinguishedNameMatch
m-syntax: 1.3.6.1.4.1.1466.115.121.1.12

#!RESULT OK
#!CONNECTION ldap://localhost:10389
#!DATE 2014-04-03T17:25:56.034
dn: m-oid=1.0.21091.2.11.6, ou=attributetypes, cn=hc, ou=schema
objectclass: metaAttributeType
objectclass: metaTop
objectclass: top
m-oid: 1.0.21091.2.11.6
m-name: HcDeviceTrackingNumber
m-description: (Issuer:Number) Tracking number assigned to the device
m-equality: caseIgnoreMatch
m-substr: caseIgnoreSubstringsMatch
m-syntax: 1.3.6.1.4.1.1466.115.121.1.15

#!RESULT OK
#!CONNECTION ldap://localhost:10389
#!DATE 2014-04-03T17:25:56.051
dn: m-oid=1.0.21091.2.10.4, ou=attributetypes, cn=hc, ou=schema
objectclass: metaAttributeType
objectclass: metaTop
objectclass: top
m-oid: 1.0.21091.2.10.4
m-name: HcVocabularyOID
m-description: OID of the health care vocabulary used
m-equality: objectIdentifierMatch
m-syntax: 1.3.6.1.4.1.1466.115.121.1.38
m-singleValue: TRUE

#!RESULT OK
#!CONNECTION ldap://localhost:10389
#!DATE 2014-04-03T17:25:56.067
dn: m-oid=1.0.21091.2.1.22, ou=attributetypes, cn=hc, ou=schema
objectclass: metaAttributeType
objectclass: metaTop
objectclass: top
m-oid: 1.0.21091.2.1.22
m-name: HL7BirthPlace
m-description: The HL-7 defined place of birth
m-equality: caseIgnoreMatch
m-substr: caseIgnoreSubstringsMatch
m-syntax: 1.3.6.1.4.1.1466.115.121.1.15

#!RESULT OK
#!CONNECTION ldap://localhost:10389
#!DATE 2014-04-03T17:25:56.084
dn: m-oid=1.0.21091.2.11.3, ou=attributetypes, cn=hc, ou=schema
objectclass: metaAttributeType
objectclass: metaTop
objectclass: top
m-oid: 1.0.21091.2.11.3
m-name: HcDeviceDateRecalled
m-description: HcDeviceDateRecalled
m-equality: generalizedTimeMatch
m-ordering: generalizedTimeOrderingMatch
m-syntax: 1.3.6.1.4.1.1466.115.121.1.24
m-singleValue: TRUE

#!RESULT OK
#!CONNECTION ldap://localhost:10389
#!DATE 2014-04-03T17:25:56.100
dn: m-oid=1.0.21091.2.10.2, ou=attributetypes, cn=hc, ou=schema
objectclass: metaAttributeType
objectclass: metaTop
objectclass: top
m-oid: 1.0.21091.2.10.2
m-name: HcReferenceEffectiveDate
m-description: Date on which the reference vocabulary is/was effective
m-equality: generalizedTimeMatch
m-substr: generalizedTimeOrderingMatch
m-syntax: 1.3.6.1.4.1.1466.115.121.1.24
m-singleValue: TRUE

#!RESULT OK
#!CONNECTION ldap://localhost:10389
#!DATE 2014-04-03T17:25:56.117
dn: m-oid=1.0.21091.2.2.4, ou=attributetypes, cn=hc, ou=schema
objectclass: metaAttributeType
objectclass: metaTop
objectclass: top
m-oid: 1.0.21091.2.2.4
m-name: HcPracticeLocation
m-description: Use DN of the organization
m-equality: distinguishedNameMatch
m-syntax: 1.3.6.1.4.1.1466.115.121.1.12

#!RESULT OK
#!CONNECTION ldap://localhost:10389
#!DATE 2014-04-03T17:25:56.134
dn: m-oid=1.0.21091.2.11.5, ou=attributetypes, cn=hc, ou=schema
objectclass: metaAttributeType
objectclass: metaTop
objectclass: top
m-oid: 1.0.21091.2.11.5
m-name: HcDeviceCertificate
m-description: Device certificates issued
m-syntax: 1.3.6.1.4.1.1466.115.121.1.5

#!RESULT OK
#!CONNECTION ldap://localhost:10389
#!DATE 2014-04-03T17:25:56.150
dn: m-oid=1.0.21091.2.2.1, ou=attributetypes, cn=hc, ou=schema
objectclass: metaAttributeType
objectclass: metaTop
objectclass: top
m-oid: 1.0.21091.2.2.1
m-name: HcProfession
m-description: Text representation of the user profession (issuing authority
 : Code System: Code)
m-equality: caseIgnoreMatch
m-substr: caseIgnoreSubstringsMatch
m-syntax: 1.3.6.1.4.1.1466.115.121.1.15

#!RESULT OK
#!CONNECTION ldap://localhost:10389
#!DATE 2014-04-03T17:25:56.166
dn: m-oid=1.0.21091.2.1.11, ou=attributetypes, cn=hc, ou=schema
objectclass: metaAttributeType
objectclass: metaTop
objectclass: top
m-oid: 1.0.21091.2.1.11
m-name: HL7CountyCode
m-description: The HL-7 defined county code
m-equality: caseIgnoreMatch
m-substr: caseIgnoreSubstringsMatch
m-syntax: 1.3.6.1.4.1.1466.115.121.1.15

#!RESULT OK
#!CONNECTION ldap://localhost:10389
#!DATE 2014-04-03T17:25:56.181
dn: m-oid=1.0.21091.2.0.4, ou=attributetypes, cn=hc, ou=schema
objectclass: metaAttributeType
objectclass: metaTop
objectclass: top
m-oid: 1.0.21091.2.0.4
m-name: HcAttributeCertificate
m-description: Used for credentials, power of attorney, health care decision
  maker, etc. Populated with P7 formatted certificate
m-syntax: 1.3.6.1.4.1.1466.115.121.1.5

#!RESULT OK
#!CONNECTION ldap://localhost:10389
#!DATE 2014-04-03T17:25:56.199
dn: m-oid=1.0.21091.2.1.28, ou=attributetypes, cn=hc, ou=schema
objectclass: metaAttributeType
objectclass: metaTop
objectclass: top
m-oid: 1.0.21091.2.1.28
m-name: HL7PatientDeathDateandTime
m-description: The HL-7 defined patient death date and time
m-equality: generalizedTimeMatch
m-ordering: generalizedTimeOrderingMatch
m-syntax: 1.3.6.1.4.1.1466.115.121.1.24
m-singleValue: TRUE

#!RESULT OK
#!CONNECTION ldap://localhost:10389
#!DATE 2014-04-03T17:25:56.216
dn: m-oid=1.0.21091.2.0.7, ou=attributetypes, cn=hc, ou=schema
objectclass: metaAttributeType
objectclass: metaTop
objectclass: top
m-oid: 1.0.21091.2.0.7
m-name: EdiAdministrativeContact
m-description: The entry for the individual responsible for EDI administrati
 on
m-equality: distinguishedNameMatch
m-syntax: 1.3.6.1.4.1.1466.115.121.1.12

#!RESULT OK
#!CONNECTION ldap://localhost:10389
#!DATE 2014-04-03T17:25:56.232
dn: m-oid=1.0.21091.2.11.2, ou=attributetypes, cn=hc, ou=schema
objectclass: metaAttributeType
objectclass: metaTop
objectclass: top
m-oid: 1.0.21091.2.11.2
m-name: HcDeviceDateOfIssue
m-description: Date on which the device was issued to the recipient
m-equality: generalizedTimeMatch
m-ordering: generalizedTimeOrderingMatch
m-syntax: 1.3.6.1.4.1.1466.115.121.1.24
m-singleValue: TRUE

#!RESULT OK
#!CONNECTION ldap://localhost:10389
#!DATE 2014-04-03T17:25:56.251
dn: m-oid=1.0.21091.2.3.1, ou=attributetypes, cn=hc, ou=schema
objectclass: metaAttributeType
objectclass: metaTop
objectclass: top
m-oid: 1.0.21091.2.3.1
m-name: HcOrganization
m-description: Used to indicate organization DN of organization
m-equality: distinguishedNameMatch
m-syntax: 1.3.6.1.4.1.1466.115.121.1.12

#!RESULT OK
#!CONNECTION ldap://localhost:10389
#!DATE 2014-04-03T17:25:56.267
dn: m-oid=1.0.21091.2.4.3, ou=attributetypes, cn=hc, ou=schema
objectclass: metaAttributeType
objectclass: metaTop
objectclass: top
m-oid: 1.0.21091.2.4.3
m-name: HcServiceLocations
m-description: Health care organizations where health care services are rend
 ered
m-equality: distinguishedNameMatch
m-syntax: 1.3.6.1.4.1.1466.115.121.1.12

#!RESULT OK
#!CONNECTION ldap://localhost:10389
#!DATE 2014-04-03T17:25:56.284
dn: m-oid=1.0.21091.2.0.6, ou=attributetypes, cn=hc, ou=schema
objectclass: metaAttributeType
objectclass: metaTop
objectclass: top
m-oid: 1.0.21091.2.0.6
m-name: HcSpecialisation
m-description: (Issuing authority: Code system: Code) Populate with HL-7 cod
 ing for specialization
m-equality: caseIgnoreMatch
m-substr: caseIgnoreSubstringsMatch
m-syntax: 1.3.6.1.4.1.1466.115.121.1.15

#!RESULT OK
#!CONNECTION ldap://localhost:10389
#!DATE 2014-04-03T17:25:56.297
dn: m-oid=1.0.21091.2.1.5, ou=attributetypes, cn=hc, ou=schema
objectclass: metaAttributeType
objectclass: metaTop
objectclass: top
m-oid: 1.0.21091.2.1.5
m-name: HL7MothersMaidenName
m-description: The HL-7 defined mothers maiden name
m-equality: caseIgnoreMatch
m-substr: caseIgnoreSubstringsMatch
m-syntax: 1.3.6.1.4.1.1466.115.121.1.15

#!RESULT OK
#!CONNECTION ldap://localhost:10389
#!DATE 2014-04-03T17:25:56.309
dn: m-oid=1.0.21091.2.2.3, ou=attributetypes, cn=hc, ou=schema
objectclass: metaAttributeType
objectclass: metaTop
objectclass: top
m-oid: 1.0.21091.2.2.3
m-name: HcPrincipalPracticeLocation
m-description: Use DN of the organization
m-equality: distinguishedNameMatch
m-syntax: 1.3.6.1.4.1.1466.115.121.1.12
m-singleValue: TRUE

#!RESULT OK
#!CONNECTION ldap://localhost:10389
#!DATE 2014-04-03T17:25:56.325
dn: m-oid=1.0.21091.2.10.3, ou=attributetypes, cn=hc, ou=schema
objectclass: metaAttributeType
objectclass: metaTop
objectclass: top
m-oid: 1.0.21091.2.10.3
m-name: HcReferenceDescription
m-description: concatenated value:Reference code:Description
m-equality: caseIgnoreMatch
m-substr: caseIgnoreSubstringsMatch
m-syntax: 1.3.6.1.4.1.1466.115.121.1.15

#!RESULT OK
#!CONNECTION ldap://localhost:10389
#!DATE 2014-04-03T17:25:56.337
dn: m-oid=1.3.6.1.4.1.19376.1.2.4.3.100, ou=attributetypes, cn=hc, ou=schema
objectclass: metaAttributeType
objectclass: metaTop
objectclass: top
m-oid: 1.3.6.1.4.1.19376.1.2.4.3.100
m-name: hpdOrgId
m-description: HPD Organization ID
m-supAttributeType: uid
m-singleValue: TRUE

#!RESULT OK
#!CONNECTION ldap://localhost:10389
#!DATE 2014-04-03T17:25:56.351
dn: m-oid=1.0.21091.2.5.1, ou=attributetypes, cn=hc, ou=schema
objectclass: metaAttributeType
objectclass: metaTop
objectclass: top
m-oid: 1.0.21091.2.5.1
m-name: HcPayerProductID
m-description: Name of assigning authority:payers plan:ID
m-equality: caseIgnoreMatch
m-substr: caseIgnoreSubstringsMatch
m-syntax: 1.3.6.1.4.1.1466.115.121.1.15

#!RESULT OK
#!CONNECTION ldap://localhost:10389
#!DATE 2014-04-03T17:25:56.364
dn: m-oid=1.0.21091.2.11.7, ou=attributetypes, cn=hc, ou=schema
objectclass: metaAttributeType
objectclass: metaTop
objectclass: top
m-oid: 1.0.21091.2.11.7
m-name: HcDevicePhone
m-description: Phone number assigned to the device (i.e. PDA)
m-equality: telephoneNumberMatch
m-substr: telephoneNumberSubstringsMatch
m-syntax: 1.3.6.1.4.1.1466.115.121.1.50

#!RESULT OK
#!CONNECTION ldap://localhost:10389
#!DATE 2014-04-03T17:25:56.378
dn: m-oid=1.0.21091.2.10.7, ou=attributetypes, cn=hc, ou=schema
objectclass: metaAttributeType
objectclass: metaTop
objectclass: top
m-oid: 1.0.21091.2.10.7
m-name: HcReferenceVersion
m-description: Version number of the coded reference
m-equality: caseIgnoreMatch
m-substr: caseIgnoreSubstringsMatch
m-syntax: 1.3.6.1.4.1.1466.115.121.1.15

#!RESULT OK
#!CONNECTION ldap://localhost:10389
#!DATE 2014-04-03T17:25:56.394
dn: m-oid=1.0.21091.2.1.2, ou=attributetypes, cn=hc, ou=schema
objectclass: metaAttributeType
objectclass: metaTop
objectclass: top
m-oid: 1.0.21091.2.1.2
m-name: HcMPILocation
m-description: Location of the Master Patient Index Service(s) available to 
 identify patient clinical records
m-equality: caseIgnoreMatch
m-substr: caseIgnoreSubstringsMatch
m-syntax: 1.3.6.1.4.1.1466.115.121.1.15

#!RESULT OK
#!CONNECTION ldap://localhost:10389
#!DATE 2014-04-03T17:25:56.407
dn: m-oid=1.0.21091.2.0.10, ou=attributetypes, cn=hc, ou=schema
objectclass: metaAttributeType
objectclass: metaTop
objectclass: top
m-oid: 1.0.21091.2.0.10
m-name: HcClosureDate
m-description: Date of closure of the organization or date when the organiza
 tion changed name/affiliation
m-equality: generalizedTimeMatch
m-ordering: generalizedTimeOrderingMatch
m-syntax: 1.3.6.1.4.1.1466.115.121.1.24
m-singleValue: TRUE

#!RESULT OK
#!CONNECTION ldap://localhost:10389
#!DATE 2014-04-03T17:25:56.421
dn: m-oid=1.0.21091.2.4.1, ou=attributetypes, cn=hc, ou=schema
objectclass: metaAttributeType
objectclass: metaTop
objectclass: top
m-oid: 1.0.21091.2.4.1
m-name: HcRegisteredName
m-description: The legal name of the entity as registered with the health ca
 re regulating authority
m-equality: caseIgnoreMatch
m-substr: caseIgnoreSubstringsMatch
m-syntax: 1.3.6.1.4.1.1466.115.121.1.15

#!RESULT OK
#!CONNECTION ldap://localhost:10389
#!DATE 2014-04-03T17:25:56.433
dn: m-oid=1.0.21091.2.0.12, ou=attributetypes, cn=hc, ou=schema
objectclass: metaAttributeType
objectclass: metaTop
objectclass: top
m-oid: 1.0.21091.2.0.12
m-name: HcRoleValidTime
m-description: Times in GMT format that the user may act under this role
m-equality: caseIgnoreMatch
m-substr: caseIgnoreSubstringsMatch
m-syntax: 1.3.6.1.4.1.1466.115.121.1.15

#!RESULT OK
#!CONNECTION ldap://localhost:10389
#!DATE 2014-04-03T17:25:56.444
dn: m-oid=1.0.21091.2.1.7, ou=attributetypes, cn=hc, ou=schema
objectclass: metaAttributeType
objectclass: metaTop
objectclass: top
m-oid: 1.0.21091.2.1.7
m-name: HL7Sex
m-description: The HL-7 defined sex
m-equality: caseIgnoreMatch
m-substr: caseIgnoreSubstringsMatch
m-syntax: 1.3.6.1.4.1.1466.115.121.1.15

#!RESULT OK
#!CONNECTION ldap://localhost:10389
#!DATE 2014-04-03T17:25:56.455
dn: m-oid=1.0.21091.2.0.11, ou=attributetypes, cn=hc, ou=schema
objectclass: metaAttributeType
objectclass: metaTop
objectclass: top
m-oid: 1.0.21091.2.0.11
m-name: HcSuccessorName
m-description: DN of successor entry
m-equality: distinguishedNameMatch
m-syntax: 1.3.6.1.4.1.1466.115.121.1.12

#!RESULT OK
#!CONNECTION ldap://localhost:10389
#!DATE 2014-04-03T17:25:56.467
dn: m-oid=1.0.21091.2.0.2, ou=attributetypes, cn=hc, ou=schema
objectclass: metaAttributeType
objectclass: metaTop
objectclass: top
m-oid: 1.0.21091.2.0.2
m-name: HcIdentificationService
m-description: Location of service(s) offering biometric or other identifica
 tion verification service
m-equality: caseIgnoreMatch
m-substr: caseIgnoreSubstringsMatch
m-syntax: 1.3.6.1.4.1.1466.115.121.1.15

#!RESULT OK
#!CONNECTION ldap://localhost:10389
#!DATE 2014-04-03T17:25:56.471
dn: ou=comparators, cn=hc, ou=schema
objectclass: organizationalUnit
objectclass: top
ou: comparators

#!RESULT OK
#!CONNECTION ldap://localhost:10389
#!DATE 2014-04-03T17:25:56.474
dn: ou=ditcontentrules, cn=hc, ou=schema
objectclass: organizationalUnit
objectclass: top
ou: ditcontentrules

#!RESULT OK
#!CONNECTION ldap://localhost:10389
#!DATE 2014-04-03T17:25:56.477
dn: ou=ditstructurerules, cn=hc, ou=schema
objectclass: organizationalUnit
objectclass: top
ou: ditstructurerules

#!RESULT OK
#!CONNECTION ldap://localhost:10389
#!DATE 2014-04-03T17:25:56.480
dn: ou=matchingrules, cn=hc, ou=schema
objectclass: organizationalUnit
objectclass: top
ou: matchingrules

#!RESULT OK
#!CONNECTION ldap://localhost:10389
#!DATE 2014-04-03T17:25:56.484
dn: ou=matchingruleuse, cn=hc, ou=schema
objectclass: organizationalUnit
objectclass: top
ou: matchingruleuse

#!RESULT OK
#!CONNECTION ldap://localhost:10389
#!DATE 2014-04-03T17:25:56.487
dn: ou=nameforms, cn=hc, ou=schema
objectclass: organizationalUnit
objectclass: top
ou: nameforms

#!RESULT OK
#!CONNECTION ldap://localhost:10389
#!DATE 2014-04-03T17:25:56.490
dn: ou=normalizers, cn=hc, ou=schema
objectclass: organizationalUnit
objectclass: top
ou: normalizers

#!RESULT OK
#!CONNECTION ldap://localhost:10389
#!DATE 2014-04-03T17:25:56.494
dn: ou=objectclasses, cn=hc, ou=schema
objectclass: organizationalUnit
objectclass: top
ou: objectClasses

#!RESULT OK
#!CONNECTION ldap://localhost:10389
#!DATE 2014-04-03T17:25:56.505
dn: m-oid=1.0.21091.1.8, ou=objectclasses, cn=hc, ou=schema
objectclass: metaObjectClass
objectclass: metaTop
objectclass: top
m-oid: 1.0.21091.1.8
m-name: HCStandardRole
m-supObjectClass: groupOfNames
m-may: HcRole
m-may: HcRoleLocationRestriction
m-may: HcRoleValidTime

#!RESULT OK
#!CONNECTION ldap://localhost:10389
#!DATE 2014-04-03T17:25:56.516
dn: m-oid=1.0.21091.1.1, ou=objectclasses, cn=hc, ou=schema
objectclass: metaObjectClass
objectclass: metaTop
objectclass: top
m-oid: 1.0.21091.1.1
m-name: HCConsumer
m-supObjectClass: inetOrgPerson
m-must: HcConsumerID
m-may: HcAttributeCertificate
m-may: HcIdentificationService
m-may: HcMPILocation
m-may: HcSigningCertificate

#!RESULT OK
#!CONNECTION ldap://localhost:10389
#!DATE 2014-04-03T17:25:56.526
dn: m-oid=1.0.21091.1.4, ou=objectclasses, cn=hc, ou=schema
objectclass: metaObjectClass
objectclass: metaTop
objectclass: top
m-oid: 1.0.21091.1.4
m-name: HCRegulatedOrganization
m-supObjectClass: organization
m-must: HcIdentifier
m-must: uid
m-may: ClinicalInformationContact
m-may: EdiAdministrativeContact
m-may: HcAttributeCertificate
m-may: HcClosureDate
m-may: HcOrganizationCertificates
m-may: HcRegisteredAddr
m-may: HcRegisteredName
m-may: HcServiceLocations
m-may: HcSigningCertificate
m-may: HcSpecialisation
m-may: HcSuccessorName

#!RESULT OK
#!CONNECTION ldap://localhost:10389
#!DATE 2014-04-03T17:25:56.537
dn: m-oid=1.0.21091.1.3, ou=objectclasses, cn=hc, ou=schema
objectclass: metaObjectClass
objectclass: metaTop
objectclass: top
m-oid: 1.0.21091.1.3
m-name: HCEmployee
m-supObjectClass: inetOrgPerson
m-must: HcIdentifier
m-may: HcAttributeCertificate
m-may: HcIdentificationService
m-may: HcOrganization
m-may: HcRole
m-may: HcSigningCertificate

#!RESULT OK
#!CONNECTION ldap://localhost:10389
#!DATE 2014-04-03T17:25:56.547
dn: m-oid=1.0.21091.1.7, ou=objectclasses, cn=hc, ou=schema
objectclass: metaObjectClass
objectclass: metaTop
objectclass: top
m-oid: 1.0.21091.1.7
m-name: HCOrganizationalRole
m-supObjectClass: organizationalRole
m-may: HcAttributeCertificate
m-may: HcResponsibleParty
m-may: HcRole
m-may: mail

#!RESULT OK
#!CONNECTION ldap://localhost:10389
#!DATE 2014-04-03T17:25:56.558
dn: m-oid=1.0.21091.1.2, ou=objectclasses, cn=hc, ou=schema
objectclass: metaObjectClass
objectclass: metaTop
objectclass: top
m-oid: 1.0.21091.1.2
m-name: HCProfessional
m-supObjectClass: inetOrgPerson
m-must: HcIdentifier
m-must: HcProfession
m-may: HcAttributeCertificate
m-may: HcIdentificationService
m-may: HcPracticeLocation
m-may: HcPrincipalPracticeLocation
m-may: HcSigningCertificate
m-may: HcSpecialisation

#!RESULT OK
#!CONNECTION ldap://localhost:10389
#!DATE 2014-04-03T17:25:56.568
dn: m-oid=1.0.21091.1.11, ou=objectclasses, cn=hc, ou=schema
objectclass: metaObjectClass
objectclass: metaTop
objectclass: top
m-oid: 1.0.21091.1.11
m-name: HCDevice
m-supObjectClass: top
m-typeObjectClass: AUXILIARY
m-may: HcDeviceCertificate
m-may: HcDeviceDateOfIssue
m-may: HcDeviceDateRecalled
m-may: HcDeviceDateRetrieved
m-may: HcDeviceIssuedTo
m-may: HcDevicePhone
m-may: HcDeviceTrackingNumber

#!RESULT OK
#!CONNECTION ldap://localhost:10389
#!DATE 2014-04-03T17:25:56.580
dn: m-oid=1.0.21091.1.9, ou=objectclasses, cn=hc, ou=schema
objectclass: metaObjectClass
objectclass: metaTop
objectclass: top
m-oid: 1.0.21091.1.9
m-name: HCLocalRole
m-supObjectClass: groupOfNames
m-may: HcRole
m-may: HcRoleLocationRestriction
m-may: HcRoleValidTime

#!RESULT OK
#!CONNECTION ldap://localhost:10389
#!DATE 2014-04-03T17:25:56.591
dn: m-oid=1.0.21091.1.6, ou=objectclasses, cn=hc, ou=schema
objectclass: metaObjectClass
objectclass: metaTop
objectclass: top
m-oid: 1.0.21091.1.6
m-name: HCSupportingOrganization
m-supObjectClass: organization
m-must: HcIdentifier
m-may: ClinicalInformationContact
m-may: EdiAdministrativeContact
m-may: HcAttributeCertificate
m-may: HcClosureDate
m-may: HcOrganizationCertificates
m-may: HcSigningCertificate
m-may: HcSuccessorName

#!RESULT OK
#!CONNECTION ldap://localhost:10389
#!DATE 2014-04-03T17:25:56.602
dn: m-oid=1.0.21091.1.5, ou=objectclasses, cn=hc, ou=schema
objectclass: metaObjectClass
objectclass: metaTop
objectclass: top
m-oid: 1.0.21091.1.5
m-name: HCPayer
m-supObjectClass: organization
m-must: HcIdentifier
m-may: ClinicalInformationContact
m-may: EdiAdministrativeContact
m-may: HcAttributeCertificate
m-may: HcClosureDate
m-may: HcOrganizationCertificates
m-may: HcPayerProductID
m-may: HcSigningCertificate
m-may: HcSuccessorName

#!RESULT OK
#!CONNECTION ldap://localhost:10389
#!DATE 2014-04-03T17:25:56.615
dn: m-oid=1.0.21091.1.10, ou=objectclasses, cn=hc, ou=schema
objectclass: metaObjectClass
objectclass: metaTop
objectclass: top
m-oid: 1.0.21091.1.10
m-name: HCCodedReference
m-supObjectClass: top
m-typeObjectClass: AUXILIARY
m-must: HcIssuingAuthority
m-must: HcReferenceDescription
m-must: HcReferenceEffectiveDate
m-may: HcReferenceDateOfIssue
m-may: HcReferenceInvalidDate
m-may: HcReferenceVersion
m-may: HcVocabularyOID

#!RESULT OK
#!CONNECTION ldap://localhost:10389
#!DATE 2014-04-03T17:25:56.618
dn: ou=syntaxcheckers, cn=hc, ou=schema
objectclass: organizationalUnit
objectclass: top
ou: syntaxcheckers

#!RESULT OK
#!CONNECTION ldap://localhost:10389
#!DATE 2014-04-03T17:25:56.621
dn: ou=syntaxes, cn=hc, ou=schema
objectclass: organizationalUnit
objectclass: top
ou: syntaxes

