# Generated by Apache Directory Studio on April 3, 2014 5:04:46 PM

# SCHEMA "PKCS9"
#!RESULT OK
#!CONNECTION ldap://localhost:10389
#!DATE 2014-04-03T17:26:26.387
dn: cn=pkcs9, ou=schema
objectclass: metaSchema
objectclass: top
cn: pkcs9
m-dependencies: system
m-dependencies: inetorgperson
m-dependencies: core

#!RESULT OK
#!CONNECTION ldap://localhost:10389
#!DATE 2014-04-03T17:26:26.390
dn: ou=attributetypes, cn=pkcs9, ou=schema
objectclass: organizationalUnit
objectclass: top
ou: attributetypes

#!RESULT OK
#!CONNECTION ldap://localhost:10389
#!DATE 2014-04-03T17:26:26.407
dn: m-oid=1.2.840.113549.1.9.4, ou=attributetypes, cn=pkcs9, ou=schema
objectclass: metaAttributeType
objectclass: metaTop
objectclass: top
m-oid: 1.2.840.113549.1.9.4
m-name: messageDigest
m-description: PKCS #7 mesage digest attribute
m-equality: octetStringMatch
m-syntax: 1.3.6.1.4.1.1466.115.121.1.5
m-singleValue: TRUE

#!RESULT OK
#!CONNECTION ldap://localhost:10389
#!DATE 2014-04-03T17:26:26.434
dn: m-oid=1.3.6.1.5.5.7.9.1, ou=attributetypes, cn=pkcs9, ou=schema
objectclass: metaAttributeType
objectclass: metaTop
objectclass: top
m-oid: 1.3.6.1.5.5.7.9.1
m-name: dateOfBirth
m-description: Date of birth
m-equality: generalizedTimeMatch
m-syntax: 1.3.6.1.4.1.1466.115.121.1.24
m-singleValue: TRUE

#!RESULT OK
#!CONNECTION ldap://localhost:10389
#!DATE 2014-04-03T17:26:26.445
dn: m-oid=1.2.840.113549.1.9.25.1, ou=attributetypes, cn=pkcs9, ou=schema
objectclass: metaAttributeType
objectclass: metaTop
objectclass: top
m-oid: 1.2.840.113549.1.9.25.1
m-name: pKCS15Token
m-description: PKCS #15 token PDU
m-syntax: 1.3.6.1.4.1.1466.115.121.1.5

#!RESULT OK
#!CONNECTION ldap://localhost:10389
#!DATE 2014-04-03T17:26:26.455
dn: m-oid=1.3.6.1.5.5.7.9.3, ou=attributetypes, cn=pkcs9, ou=schema
objectclass: metaAttributeType
objectclass: metaTop
objectclass: top
m-oid: 1.3.6.1.5.5.7.9.3
m-name: gender
m-description: Gender
m-equality: caseIgnoreMatch
m-syntax: 1.3.6.1.4.1.1466.115.121.1.44
m-singleValue: TRUE

#!RESULT OK
#!CONNECTION ldap://localhost:10389
#!DATE 2014-04-03T17:26:26.466
dn: m-oid=1.2.840.113549.1.9.25.2, ou=attributetypes, cn=pkcs9, ou=schema
objectclass: metaAttributeType
objectclass: metaTop
objectclass: top
m-oid: 1.2.840.113549.1.9.25.2
m-name: encryptedPrivateKeyInfo
m-description: PKCS #8 encrypted private key info
m-syntax: 1.3.6.1.4.1.1466.115.121.1.5

#!RESULT OK
#!CONNECTION ldap://localhost:10389
#!DATE 2014-04-03T17:26:26.477
dn: m-oid=2.5.4.65, ou=attributetypes, cn=pkcs9, ou=schema
objectclass: metaAttributeType
objectclass: metaTop
objectclass: top
m-oid: 2.5.4.65
m-name: pseudonym
m-description: Pseudonym
m-equality: caseExactMatch
m-syntax: 1.3.6.1.4.1.1466.115.121.1.15

#!RESULT OK
#!CONNECTION ldap://localhost:10389
#!DATE 2014-04-03T17:26:26.486
dn: m-oid=1.2.840.113549.1.9.8, ou=attributetypes, cn=pkcs9, ou=schema
objectclass: metaAttributeType
objectclass: metaTop
objectclass: top
m-oid: 1.2.840.113549.1.9.8
m-name: unstructuredAddress
m-description: PKCS #9 unstructured address
m-equality: caseIgnoreMatch
m-syntax: 1.3.6.1.4.1.1466.115.121.1.15

#!RESULT OK
#!CONNECTION ldap://localhost:10389
#!DATE 2014-04-03T17:26:26.496
dn: m-oid=1.2.840.113549.1.9.7, ou=attributetypes, cn=pkcs9, ou=schema
objectclass: metaAttributeType
objectclass: metaTop
objectclass: top
m-oid: 1.2.840.113549.1.9.7
m-name: challengePassword
m-description: Challenge password for certificate revocations
m-equality: caseExactMatch
m-syntax: 1.3.6.1.4.1.1466.115.121.1.15
m-singleValue: TRUE

#!RESULT OK
#!CONNECTION ldap://localhost:10389
#!DATE 2014-04-03T17:26:26.508
dn: m-oid=1.2.840.113549.1.9.3, ou=attributetypes, cn=pkcs9, ou=schema
objectclass: metaAttributeType
objectclass: metaTop
objectclass: top
m-oid: 1.2.840.113549.1.9.3
m-name: contentType
m-description: PKCS #7 content type attribute
m-equality: objectIdentifierMatch
m-syntax: 1.3.6.1.4.1.1466.115.121.1.38
m-singleValue: TRUE

#!RESULT OK
#!CONNECTION ldap://localhost:10389
#!DATE 2014-04-03T17:26:26.517
dn: m-oid=1.2.840.113549.1.9.25.3, ou=attributetypes, cn=pkcs9, ou=schema
objectclass: metaAttributeType
objectclass: metaTop
objectclass: top
m-oid: 1.2.840.113549.1.9.25.3
m-name: PublicKeyInfo
m-description: PKCS #8 public key info
m-syntax: 1.3.6.1.4.1.1466.115.121.1.5

#!RESULT OK
#!CONNECTION ldap://localhost:10389
#!DATE 2014-04-03T17:26:26.526
dn: m-oid=1.2.840.113549.1.9.25.5, ou=attributetypes, cn=pkcs9, ou=schema
objectclass: metaAttributeType
objectclass: metaTop
objectclass: top
m-oid: 1.2.840.113549.1.9.25.5
m-name: pKCS7PDU
m-description: PKCS #7 ContentInfo PDU
m-syntax: 1.3.6.1.4.1.1466.115.121.1.5

#!RESULT OK
#!CONNECTION ldap://localhost:10389
#!DATE 2014-04-03T17:26:26.538
dn: m-oid=1.3.6.1.5.5.7.9.5, ou=attributetypes, cn=pkcs9, ou=schema
objectclass: metaAttributeType
objectclass: metaTop
objectclass: top
m-oid: 1.3.6.1.5.5.7.9.5
m-name: countryOfResidence
m-description: Country of residence
m-equality: caseIgnoreMatch
m-syntax: 1.3.6.1.4.1.1466.115.121.1.44

#!RESULT OK
#!CONNECTION ldap://localhost:10389
#!DATE 2014-04-03T17:26:26.548
dn: m-oid=1.3.6.1.5.5.7.9.2, ou=attributetypes, cn=pkcs9, ou=schema
objectclass: metaAttributeType
objectclass: metaTop
objectclass: top
m-oid: 1.3.6.1.5.5.7.9.2
m-name: placeOfBirth
m-description: Place of birth
m-equality: caseExactMatch
m-syntax: 1.3.6.1.4.1.1466.115.121.1.15
m-singleValue: TRUE

#!RESULT OK
#!CONNECTION ldap://localhost:10389
#!DATE 2014-04-03T17:26:26.557
dn: m-oid=1.3.6.1.5.5.7.9.4, ou=attributetypes, cn=pkcs9, ou=schema
objectclass: metaAttributeType
objectclass: metaTop
objectclass: top
m-oid: 1.3.6.1.5.5.7.9.4
m-name: countryOfCitizenship
m-description: Country of citizenship
m-equality: caseIgnoreMatch
m-syntax: 1.3.6.1.4.1.1466.115.121.1.44

#!RESULT OK
#!CONNECTION ldap://localhost:10389
#!DATE 2014-04-03T17:26:26.569
dn: m-oid=1.2.840.113549.1.9.6, ou=attributetypes, cn=pkcs9, ou=schema
objectclass: metaAttributeType
objectclass: metaTop
objectclass: top
m-oid: 1.2.840.113549.1.9.6
m-name: counterSignature
m-description: PKCS #7 countersignature
m-syntax: 1.3.6.1.4.1.1466.115.121.1.5

#!RESULT OK
#!CONNECTION ldap://localhost:10389
#!DATE 2014-04-03T17:26:26.572
dn: ou=comparators, cn=pkcs9, ou=schema
objectclass: organizationalUnit
objectclass: top
ou: comparators

#!RESULT OK
#!CONNECTION ldap://localhost:10389
#!DATE 2014-04-03T17:26:26.579
dn: ou=ditcontentrules, cn=pkcs9, ou=schema
objectclass: organizationalUnit
objectclass: top
ou: ditcontentrules

#!RESULT OK
#!CONNECTION ldap://localhost:10389
#!DATE 2014-04-03T17:26:26.581
dn: ou=ditstructurerules, cn=pkcs9, ou=schema
objectclass: organizationalUnit
objectclass: top
ou: ditstructurerules

#!RESULT OK
#!CONNECTION ldap://localhost:10389
#!DATE 2014-04-03T17:26:26.584
dn: ou=matchingrules, cn=pkcs9, ou=schema
objectclass: organizationalUnit
objectclass: top
ou: matchingrules

#!RESULT OK
#!CONNECTION ldap://localhost:10389
#!DATE 2014-04-03T17:26:26.586
dn: ou=matchingruleuse, cn=pkcs9, ou=schema
objectclass: organizationalUnit
objectclass: top
ou: matchingruleuse

#!RESULT OK
#!CONNECTION ldap://localhost:10389
#!DATE 2014-04-03T17:26:26.588
dn: ou=nameforms, cn=pkcs9, ou=schema
objectclass: organizationalUnit
objectclass: top
ou: nameforms

#!RESULT OK
#!CONNECTION ldap://localhost:10389
#!DATE 2014-04-03T17:26:26.591
dn: ou=normalizers, cn=pkcs9, ou=schema
objectclass: organizationalUnit
objectclass: top
ou: normalizers

#!RESULT OK
#!CONNECTION ldap://localhost:10389
#!DATE 2014-04-03T17:26:26.593
dn: ou=objectclasses, cn=pkcs9, ou=schema
objectclass: organizationalUnit
objectclass: top
ou: objectClasses

#!RESULT OK
#!CONNECTION ldap://localhost:10389
#!DATE 2014-04-03T17:26:26.602
dn: m-oid=1.2.840.113549.1.9.24.1, ou=objectclasses, cn=pkcs9, ou=schema
objectclass: metaObjectClass
objectclass: metaTop
objectclass: top
m-oid: 1.2.840.113549.1.9.24.1
m-name: pkcsEntity
m-supObjectClass: top
m-typeObjectClass: AUXILIARY
m-may: pKCS7PDU
m-may: userPKCS12
m-may: pKCS15Token
m-may: encryptedPrivateKeyInfo

#!RESULT OK
#!CONNECTION ldap://localhost:10389
#!DATE 2014-04-03T17:26:26.615
dn: m-oid=1.2.840.113549.1.9.24.2, ou=objectclasses, cn=pkcs9, ou=schema
objectclass: metaObjectClass
objectclass: metaTop
objectclass: top
m-oid: 1.2.840.113549.1.9.24.2
m-name: naturalPerson
m-supObjectClass: top
m-typeObjectClass: AUXILIARY
m-may: emailAddress
m-may: unstructuredAddress
m-may: dateOfBirth
m-may: placeOfBirth
m-may: gender
m-may: countryOfCitizenship
m-may: countryOfResidence
m-may: pseudonym
m-may: serialNumber

#!RESULT OK
#!CONNECTION ldap://localhost:10389
#!DATE 2014-04-03T17:26:26.618
dn: ou=syntaxcheckers, cn=pkcs9, ou=schema
objectclass: organizationalUnit
objectclass: top
ou: syntaxcheckers

#!RESULT OK
#!CONNECTION ldap://localhost:10389
#!DATE 2014-04-03T17:26:26.621
dn: ou=syntaxes, cn=pkcs9, ou=schema
objectclass: organizationalUnit
objectclass: top
ou: syntaxes

